
> my-v0-project@0.1.0 dev
> next dev

   ▲ Next.js 15.2.4
   - Local:        http://localhost:3000
   - Network:      http://192.168.1.200:3000
   - Environments: .env

 ✓ Starting...
 ✓ Ready in 1110ms
 ○ Compiling / ...
 ✓ Compiled / in 724ms (783 modules)
 GET / 200 in 915ms
 ✓ Compiled in 200ms (352 modules)
 ✓ Compiled /pet-memorial in 184ms (835 modules)
 GET /pet-memorial 200 in 258ms
 ○ Compiling /create-obituary ...
 ✓ Compiled /create-obituary in 526ms (1008 modules)
 GET /create-obituary 200 in 574ms
 GET /create-obituary 200 in 90ms
 GET /create-obituary 200 in 52ms
 ✓ Compiled in 184ms (1022 modules)
 GET /create-obituary 200 in 133ms
 ⚠ Fast Refresh had to perform a full reload due to a runtime error.
 ✓ Compiled in 113ms (452 modules)
 GET /create-obituary 200 in 10ms
